#
# A fatal error has been detected by the Java Runtime Environment:
#
#  SIGSEGV (0xb) at pc=0x000000010e5994eb, pid=63509, tid=0x0000000000005703
#
# JRE version: OpenJDK Runtime Environment (8.0_181-b02) (build 1.8.0_181-b02)
# Java VM: OpenJDK 64-Bit Server VM (25.181-b02 mixed mode bsd-amd64 compressed oops)
# Problematic frame:
# j  rewit.User.<init>(Ljava/util/Map;)V+56
#
# Failed to write core dump. Core dumps have been disabled. To enable core dumping, try "ulimit -c unlimited" before starting Java again
#
# If you would like to submit a bug report, please visit:
#   http://www.azulsystems.com/support/
#

---------------  T H R E A D  ---------------

Current thread (0x00007fde631b8800):  JavaThread "http-nio-8080-exec-3" daemon [_thread_in_Java, id=22275, stack(0x000070000cda8000,0x000070000cea8000)]

siginfo: si_signo: 11 (SIGSEGV), si_code: 1 (SEGV_MAPERR), si_addr: 0x0000000100001fa0

Registers:
RAX=0x0000000100001fa0, RBX=0x0000000109c8e928, RCX=0x0000000100001fa0, RDX=0x000000010e57effd
RSP=0x000070000cea0110, RBP=0x000070000cea0160, RSI=0x000070000ce9ffd8, RDI=0x000000001eec1330
R8 =0x000000006a385d74, R9 =0x0000000000000018, R10=0x0000000103097fa0, R11=0x000000010e68f540
R12=0x0000000000000000, R13=0x0000000109c8e700, R14=0x000070000cea0180, R15=0x00007fde631b8800
RIP=0x000000010e5994eb, EFLAGS=0x0000000000010206, ERR=0x0000000000000004
  TRAPNO=0x000000000000000e

Top of Stack: (sp=0x000070000cea0110)
0x000070000cea0110:   000000010e57effd 0000000100001fa0
0x000070000cea0120:   000070000cea0120 0000000109c8e700
0x000070000cea0130:   000070000cea0180 000000010a70faa0
0x000070000cea0140:   0000000000000000 0000000109c8e758
0x000070000cea0150:   0000000000000000 000070000cea0178
0x000070000cea0160:   000070000cea01e0 000000010e5774e7
0x000070000cea0170:   00000007b503b028 00000007b5364fd8
0x000070000cea0180:   0000000100001fa0 000000000000000c
0x000070000cea0190:   00007fde631b8800 0000000000000001
0x000070000cea01a0:   000000010e57745f 0000000109c8e758
0x000070000cea01b0:   000070000cea0278 000070000cea05d0
0x000070000cea01c0:   000000010000000c 0000000109c8e758
0x000070000cea01d0:   000000010e58a340 000070000cea05e0
0x000070000cea01e0:   000070000cea0390 0000000102ae255a
0x000070000cea01f0:   0000700000000001 00007fde631b8800
0x000070000cea0200:   00007fde63ef3d70 000070000cea05d0
0x000070000cea0210:   00007fde63cf2728 000000010e58a340
0x000070000cea0220:   010000010fba2940 000070000cea05d8
0x000070000cea0230:   000070000cea05c8 00007fde631b8800
0x000070000cea0240:   00007fde631b8800 00007fde63ed14c0
0x000070000cea0250:   00007fde63cf26c0 00007fde63cf2740
0x000070000cea0260:   00007fde63cf27a8 00000000000000d8
0x000070000cea0270:   000070000cea0f50 00007fde631b8800
0x000070000cea0280:   00007fde65071120 0000000109c8e758
0x000070000cea0290:   00000007b5364fd8 000070000cea0850
0x000070000cea02a0:   000000010eb1a5f7 0000000000000000
0x000070000cea02b0:   000070000cea05c8 0000000000009700
0x000070000cea02c0:   00007fde63eac868 0000000109c8e758
0x000070000cea02d0:   00007fde631b8800 00007fff5786d589
0x000070000cea02e0:   0000000000000000 00007fff5786d618
0x000070000cea02f0:   000070000cea0398 0000000109c8e758
0x000070000cea0300:   00007fde631b8800 0000000000000000 

Instructions: (pc=0x000000010e5994eb)
0x000000010e5994cb:   28 8b ca 81 e1 ff 00 00 00 48 8b 4c cc f8 c1 ea
0x000000010e5994db:   1c 49 ba a0 7f 09 03 01 00 00 00 49 8b 14 d2 52
0x000000010e5994eb:   48 3b 01 48 8b 45 e0 48 85 c0 0f 84 12 00 00 00
0x000000010e5994fb:   48 83 40 08 01 48 83 58 08 00 48 83 c0 10 48 89 

Register to memory mapping:

RAX=0x0000000100001fa0 is an unknown value
RBX={method} {0x0000000109c8e928} '<init>' '()V' in 'rewit/User'
RCX=0x0000000100001fa0 is an unknown value
RDX=0x000000010e57effd is at code_begin+2301 in an Interpreter codelet
invoke return entry points  [0x000000010e57e700, 0x000000010e57f0e0]  2528 bytes
RSP=0x000070000cea0110 is pointing into the stack for thread: 0x00007fde631b8800
RBP=0x000070000cea0160 is pointing into the stack for thread: 0x00007fde631b8800
RSI=0x000070000ce9ffd8 is pointing into the stack for thread: 0x00007fde631b8800
RDI=0x000000001eec1330 is an unknown value
R8 =0x000000006a385d74 is an unknown value
R9 =0x0000000000000018 is an unknown value
R10=0x0000000103097fa0: _ZN19TemplateInterpreter20_invoke_return_entryE+0 in /Users/leosilva/.sdkman/candidates/java/8.0.181-zulu/jre/lib/server/libjvm.dylib at 0x0000000102800000
R11=0x000000010e68f540 is at entry_point+32 in (nmethod*)0x000000010e68f3d0
R12=0x0000000000000000 is an unknown value
R13=0x0000000109c8e700 is pointing into metadata
R14=0x000070000cea0180 is pointing into the stack for thread: 0x00007fde631b8800
R15=0x00007fde631b8800 is a thread


Stack: [0x000070000cda8000,0x000070000cea8000],  sp=0x000070000cea0110,  free space=992k
Native frames: (J=compiled Java code, j=interpreted, Vv=VM code, C=native code)
j  rewit.User.<init>(Ljava/util/Map;)V+56
v  ~StubRoutines::call_stub
V  [libjvm.dylib+0x2e255a]  JavaCalls::call_helper(JavaValue*, methodHandle*, JavaCallArguments*, Thread*)+0x6ae
V  [libjvm.dylib+0x4a80c4]  Reflection::invoke(instanceKlassHandle, methodHandle, Handle, bool, objArrayHandle, BasicType, objArrayHandle, bool, Thread*)+0xe12
V  [libjvm.dylib+0x4a85f8]  Reflection::invoke_method(oopDesc*, Handle, objArrayHandle, Thread*)+0x16c
V  [libjvm.dylib+0x31de40]  JVM_InvokeMethod+0x166
J 2048  sun.reflect.NativeMethodAccessorImpl.invoke0(Ljava/lang/reflect/Method;Ljava/lang/Object;[Ljava/lang/Object;)Ljava/lang/Object; (0 bytes) @ 0x000000010eb1a66d [0x000000010eb1a580+0xed]
J 2047 C1 sun.reflect.NativeMethodAccessorImpl.invoke(Ljava/lang/Object;[Ljava/lang/Object;)Ljava/lang/Object; (104 bytes) @ 0x000000010eb1ad4c [0x000000010eb1a9a0+0x3ac]
J 793 C1 sun.reflect.DelegatingMethodAccessorImpl.invoke(Ljava/lang/Object;[Ljava/lang/Object;)Ljava/lang/Object; (10 bytes) @ 0x000000010e913604 [0x000000010e9135c0+0x44]
J 792 C1 java.lang.reflect.Method.invoke(Ljava/lang/Object;[Ljava/lang/Object;)Ljava/lang/Object; (62 bytes) @ 0x000000010e9131e4 [0x000000010e9130e0+0x104]
J 1853 C1 org.springsource.loaded.ri.ReflectiveInterceptor.jlrMethodInvoke(Ljava/lang/reflect/Method;Ljava/lang/Object;[Ljava/lang/Object;)Ljava/lang/Object; (2214 bytes) @ 0x000000010eabb614 [0x000000010eab9fa0+0x1674]
J 3664 C1 org.codehaus.groovy.reflection.CachedMethod.invoke(Ljava/lang/Object;[Ljava/lang/Object;)Ljava/lang/Object; (70 bytes) @ 0x000000010ee5a87c [0x000000010ee5a840+0x3c]
J 1872 C1 groovy.lang.MetaMethod.doMethodInvoke(Ljava/lang/Object;[Ljava/lang/Object;)Ljava/lang/Object; (22 bytes) @ 0x000000010eace694 [0x000000010eace620+0x74]
J 5577 C1 org.codehaus.groovy.runtime.metaclass.MethodMetaProperty$GetBeanMethodMetaProperty.getProperty(Ljava/lang/Object;)Ljava/lang/Object; (12 bytes) @ 0x000000010f1a108c [0x000000010f1a1040+0x4c]
J 11709 C1 org.codehaus.groovy.runtime.callsite.GetEffectivePogoPropertySite.getProperty(Ljava/lang/Object;)Ljava/lang/Object; (15 bytes) @ 0x000000010feec244 [0x000000010feec200+0x44]
J 3692 C1 org.codehaus.groovy.runtime.callsite.AbstractCallSite.callGetProperty(Ljava/lang/Object;)Ljava/lang/Object; (12 bytes) @ 0x000000010ee6f2a4 [0x000000010ee6f240+0x64]
j  Users_leosilva_development_workspace_rewit_grails_app_views_followed_list_gsp$_run_closure2$_closure9.doCall(Ljava/lang/Object;)Ljava/lang/Object;+18
v  ~StubRoutines::call_stub
V  [libjvm.dylib+0x2e255a]  JavaCalls::call_helper(JavaValue*, methodHandle*, JavaCallArguments*, Thread*)+0x6ae
V  [libjvm.dylib+0x4a80c4]  Reflection::invoke(instanceKlassHandle, methodHandle, Handle, bool, objArrayHandle, BasicType, objArrayHandle, bool, Thread*)+0xe12
V  [libjvm.dylib+0x4a85f8]  Reflection::invoke_method(oopDesc*, Handle, objArrayHandle, Thread*)+0x16c
V  [libjvm.dylib+0x31de40]  JVM_InvokeMethod+0x166
J 2048  sun.reflect.NativeMethodAccessorImpl.invoke0(Ljava/lang/reflect/Method;Ljava/lang/Object;[Ljava/lang/Object;)Ljava/lang/Object; (0 bytes) @ 0x000000010eb1a66d [0x000000010eb1a580+0xed]
J 2047 C1 sun.reflect.NativeMethodAccessorImpl.invoke(Ljava/lang/Object;[Ljava/lang/Object;)Ljava/lang/Object; (104 bytes) @ 0x000000010eb1ad4c [0x000000010eb1a9a0+0x3ac]
J 793 C1 sun.reflect.DelegatingMethodAccessorImpl.invoke(Ljava/lang/Object;[Ljava/lang/Object;)Ljava/lang/Object; (10 bytes) @ 0x000000010e913604 [0x000000010e9135c0+0x44]
J 792 C1 java.lang.reflect.Method.invoke(Ljava/lang/Object;[Ljava/lang/Object;)Ljava/lang/Object; (62 bytes) @ 0x000000010e9131e4 [0x000000010e9130e0+0x104]
J 1853 C1 org.springsource.loaded.ri.ReflectiveInterceptor.jlrMethodInvoke(Ljava/lang/reflect/Method;Ljava/lang/Object;[Ljava/lang/Object;)Ljava/lang/Object; (2214 bytes) @ 0x000000010eabb76c [0x000000010eab9fa0+0x17cc]
J 3664 C1 org.codehaus.groovy.reflection.CachedMethod.invoke(Ljava/lang/Object;[Ljava/lang/Object;)Ljava/lang/Object; (70 bytes) @ 0x000000010ee5a87c [0x000000010ee5a840+0x3c]
J 1872 C1 groovy.lang.MetaMethod.doMethodInvoke(Ljava/lang/Object;[Ljava/lang/Object;)Ljava/lang/Object; (22 bytes) @ 0x000000010eace694 [0x000000010eace620+0x74]
J 3654 C1 org.codehaus.groovy.runtime.metaclass.ClosureMetaClass.invokeMethod(Ljava/lang/Class;Ljava/lang/Object;Ljava/lang/String;[Ljava/lang/Object;ZZ)Ljava/lang/Object; (892 bytes) @ 0x000000010ee4feb4 [0x000000010ee4ecc0+0x11f4]
J 1855 C1 groovy.lang.MetaClassImpl.invokeMethod(Ljava/lang/Object;Ljava/lang/String;[Ljava/lang/Object;)Ljava/lang/Object; (14 bytes) @ 0x000000010eacb2e4 [0x000000010eacb280+0x64]
J 4199 C1 groovy.lang.Closure.call([Ljava/lang/Object;)Ljava/lang/Object; (30 bytes) @ 0x000000010ef6ce7c [0x000000010ef6ce00+0x7c]
J 5537 C1 groovy.lang.Closure.call(Ljava/lang/Object;)Ljava/lang/Object; (13 bytes) @ 0x000000010f1936f4 [0x000000010f1935c0+0x134]
J 7740 C1 org.grails.gsp.GroovyPage.evaluate(Ljava/lang/String;ILjava/lang/Object;Lgroovy/lang/Closure;)Ljava/lang/Object; (68 bytes) @ 0x000000010f624e3c [0x000000010f624de0+0x5c]
J 8411 C1 sun.reflect.GeneratedMethodAccessor111.invoke(Ljava/lang/Object;[Ljava/lang/Object;)Ljava/lang/Object; (163 bytes) @ 0x000000010f77b37c [0x000000010f77b060+0x31c]
J 793 C1 sun.reflect.DelegatingMethodAccessorImpl.invoke(Ljava/lang/Object;[Ljava/lang/Object;)Ljava/lang/Object; (10 bytes) @ 0x000000010e913604 [0x000000010e9135c0+0x44]
J 792 C1 java.lang.reflect.Method.invoke(Ljava/lang/Object;[Ljava/lang/Object;)Ljava/lang/Object; (62 bytes) @ 0x000000010e9131e4 [0x000000010e9130e0+0x104]
J 1853 C1 org.springsource.loaded.ri.ReflectiveInterceptor.jlrMethodInvoke(Ljava/lang/reflect/Method;Ljava/lang/Object;[Ljava/lang/Object;)Ljava/lang/Object; (2214 bytes) @ 0x000000010eabb76c [0x000000010eab9fa0+0x17cc]
J 3664 C1 org.codehaus.groovy.reflection.CachedMethod.invoke(Ljava/lang/Object;[Ljava/lang/Object;)Ljava/lang/Object; (70 bytes) @ 0x000000010ee5a87c [0x000000010ee5a840+0x3c]
J 1872 C1 groovy.lang.MetaMethod.doMethodInvoke(Ljava/lang/Object;[Ljava/lang/Object;)Ljava/lang/Object; (22 bytes) @ 0x000000010eace694 [0x000000010eace620+0x74]
J 3654 C1 org.codehaus.groovy.runtime.metaclass.ClosureMetaClass.invokeMethod(Ljava/lang/Class;Ljava/lang/Object;Ljava/lang/String;[Ljava/lang/Object;ZZ)Ljava/lang/Object; (892 bytes) @ 0x000000010ee4fe7c [0x000000010ee4ecc0+0x11bc]
J 1855 C1 groovy.lang.MetaClassImpl.invokeMethod(Ljava/lang/Object;Ljava/lang/String;[Ljava/lang/Object;)Ljava/lang/Object; (14 bytes) @ 0x000000010eacb2e4 [0x000000010eacb280+0x64]
J 6367 C1 org.codehaus.groovy.runtime.callsite.PogoMetaClassSite.callCurrent(Lgroovy/lang/GroovyObject;[Ljava/lang/Object;)Ljava/lang/Object; (92 bytes) @ 0x000000010ed795d4 [0x000000010ed794c0+0x114]
J 7754 C1 org.codehaus.groovy.runtime.callsite.AbstractCallSite.callCurrent(Lgroovy/lang/GroovyObject;Ljava/lang/Object;Ljava/lang/Object;Ljava/lang/Object;Ljava/lang/Object;)Ljava/lang/Object; (50 bytes) @ 0x000000010f62a8ec [0x000000010f62a620+0x2cc]
j  Users_leosilva_development_workspace_rewit_grails_app_views_followed_list_gsp$_run_closure2.doCall()Ljava/lang/Object;+264
v  ~StubRoutines::call_stub
V  [libjvm.dylib+0x2e255a]  JavaCalls::call_helper(JavaValue*, methodHandle*, JavaCallArguments*, Thread*)+0x6ae
V  [libjvm.dylib+0x4a80c4]  Reflection::invoke(instanceKlassHandle, methodHandle, Handle, bool, objArrayHandle, BasicType, objArrayHandle, bool, Thread*)+0xe12
V  [libjvm.dylib+0x4a85f8]  Reflection::invoke_method(oopDesc*, Handle, objArrayHandle, Thread*)+0x16c
V  [libjvm.dylib+0x31de40]  JVM_InvokeMethod+0x166
J 2048  sun.reflect.NativeMethodAccessorImpl.invoke0(Ljava/lang/reflect/Method;Ljava/lang/Object;[Ljava/lang/Object;)Ljava/lang/Object; (0 bytes) @ 0x000000010eb1a66d [0x000000010eb1a580+0xed]
J 2047 C1 sun.reflect.NativeMethodAccessorImpl.invoke(Ljava/lang/Object;[Ljava/lang/Object;)Ljava/lang/Object; (104 bytes) @ 0x000000010eb1ad4c [0x000000010eb1a9a0+0x3ac]
J 793 C1 sun.reflect.DelegatingMethodAccessorImpl.invoke(Ljava/lang/Object;[Ljava/lang/Object;)Ljava/lang/Object; (10 bytes) @ 0x000000010e913604 [0x000000010e9135c0+0x44]
J 792 C1 java.lang.reflect.Method.invoke(Ljava/lang/Object;[Ljava/lang/Object;)Ljava/lang/Object; (62 bytes) @ 0x000000010e9131e4 [0x000000010e9130e0+0x104]
J 1853 C1 org.springsource.loaded.ri.ReflectiveInterceptor.jlrMethodInvoke(Ljava/lang/reflect/Method;Ljava/lang/Object;[Ljava/lang/Object;)Ljava/lang/Object; (2214 bytes) @ 0x000000010eabb76c [0x000000010eab9fa0+0x17cc]
J 3664 C1 org.codehaus.groovy.reflection.CachedMethod.invoke(Ljava/lang/Object;[Ljava/lang/Object;)Ljava/lang/Object; (70 bytes) @ 0x000000010ee5a87c [0x000000010ee5a840+0x3c]
J 1872 C1 groovy.lang.MetaMethod.doMethodInvoke(Ljava/lang/Object;[Ljava/lang/Object;)Ljava/lang/Object; (22 bytes) @ 0x000000010eace694 [0x000000010eace620+0x74]
J 3654 C1 org.codehaus.groovy.runtime.metaclass.ClosureMetaClass.invokeMethod(Ljava/lang/Class;Ljava/lang/Object;Ljava/lang/String;[Ljava/lang/Object;ZZ)Ljava/lang/Object; (892 bytes) @ 0x000000010ee4feb4 [0x000000010ee4ecc0+0x11f4]
J 1855 C1 groovy.lang.MetaClassImpl.invokeMethod(Ljava/lang/Object;Ljava/lang/String;[Ljava/lang/Object;)Ljava/lang/Object; (14 bytes) @ 0x000000010eacb2e4 [0x000000010eacb280+0x64]
J 4199 C1 groovy.lang.Closure.call([Ljava/lang/Object;)Ljava/lang/Object; (30 bytes) @ 0x000000010ef6ce7c [0x000000010ef6ce00+0x7c]
J 8345 C1 groovy.lang.Closure.call()Ljava/lang/Object; (10 bytes) @ 0x000000010f75370c [0x000000010f7536c0+0x4c]
J 9518 C1 org.grails.taglib.TagBodyClosure.captureClosureOutput(Ljava/lang/Object;Z)Ljava/lang/Object; (214 bytes) @ 0x000000010f9c5424 [0x000000010f9c4e00+0x624]
J 9517 C1 org.grails.taglib.TagBodyClosure.call()Ljava/lang/Object; (7 bytes) @ 0x000000010f9c4804 [0x000000010f9c47c0+0x44]
J 9592 C1 org.grails.plugins.web.taglib.SitemeshTagLib.captureTagContent(Lorg/grails/buffer/GrailsPrintWriter;Ljava/lang/String;Ljava/util/Map;Ljava/lang/Object;Z)Ljava/lang/Object; (402 bytes) @ 0x000000010f9ef0e4 [0x000000010f9eef00+0x1e4]
J 12183 C1 org.grails.plugins.web.taglib.SitemeshTagLib$_closure3.doCall(Ljava/util/Map;Ljava/lang/Object;)Ljava/lang/Object; (202 bytes) @ 0x000000010ffd635c [0x000000010ffd6120+0x23c]
J 12406 C1 sun.reflect.GeneratedMethodAccessor223.invoke(Ljava/lang/Object;[Ljava/lang/Object;)Ljava/lang/Object; (73 bytes) @ 0x000000011004bd4c [0x000000011004bc60+0xec]
J 793 C1 sun.reflect.DelegatingMethodAccessorImpl.invoke(Ljava/lang/Object;[Ljava/lang/Object;)Ljava/lang/Object; (10 bytes) @ 0x000000010e913604 [0x000000010e9135c0+0x44]
J 792 C1 java.lang.reflect.Method.invoke(Ljava/lang/Object;[Ljava/lang/Object;)Ljava/lang/Object; (62 bytes) @ 0x000000010e9131e4 [0x000000010e9130e0+0x104]
J 1853 C1 org.springsource.loaded.ri.ReflectiveInterceptor.jlrMethodInvoke(Ljava/lang/reflect/Method;Ljava/lang/Object;[Ljava/lang/Object;)Ljava/lang/Object; (2214 bytes) @ 0x000000010eabb76c [0x000000010eab9fa0+0x17cc]
J 3664 C1 org.codehaus.groovy.reflection.CachedMethod.invoke(Ljava/lang/Object;[Ljava/lang/Object;)Ljava/lang/Object; (70 bytes) @ 0x000000010ee5a87c [0x000000010ee5a840+0x3c]
J 1872 C1 groovy.lang.MetaMethod.doMethodInvoke(Ljava/lang/Object;[Ljava/lang/Object;)Ljava/lang/Object; (22 bytes) @ 0x000000010eace694 [0x000000010eace620+0x74]
J 3654 C1 org.codehaus.groovy.runtime.metaclass.ClosureMetaClass.invokeMethod(Ljava/lang/Class;Ljava/lang/Object;Ljava/lang/String;[Ljava/lang/Object;ZZ)Ljava/lang/Object; (892 bytes) @ 0x000000010ee4feb4 [0x000000010ee4ecc0+0x11f4]
J 1855 C1 groovy.lang.MetaClassImpl.invokeMethod(Ljava/lang/Object;Ljava/lang/String;[Ljava/lang/Object;)Ljava/lang/Object; (14 bytes) @ 0x000000010eacb2e4 [0x000000010eacb280+0x64]
J 4199 C1 groovy.lang.Closure.call([Ljava/lang/Object;)Ljava/lang/Object; (30 bytes) @ 0x000000010ef6ce7c [0x000000010ef6ce00+0x7c]
J 8342 C1 org.grails.gsp.GroovyPage.invokeTagLibClosure(Ljava/lang/String;Ljava/lang/String;Lgroovy/lang/Closure;Ljava/util/Map;Lgroovy/lang/Closure;ZLjava/util/Map;)V (239 bytes) @ 0x000000010f74ff8c [0x000000010f74f920+0x66c]
J 8339 C1 org.grails.gsp.GroovyPage.invokeTag(Ljava/lang/String;Ljava/lang/String;ILjava/util/Map;I)V (791 bytes) @ 0x000000010f746c0c [0x000000010f7461c0+0xa4c]
J 9637 C1 org.grails.gsp.GroovyPage$invokeTag$4.callCurrent(Lgroovy/lang/GroovyObject;[Ljava/lang/Object;)Ljava/lang/Object; (59 bytes) @ 0x000000010fa1068c [0x000000010fa10400+0x28c]
j  Users_leosilva_development_workspace_rewit_grails_app_views_followed_list_gsp.run()Ljava/lang/Object;+206
J 12755 C1 org.grails.gsp.GroovyPageWritable.doWriteTo(Lorg/grails/taglib/encoder/OutputContext;Ljava/io/Writer;)Ljava/io/Writer; (512 bytes) @ 0x00000001101177b4 [0x00000001101167a0+0x1014]
J 12754 C1 org.grails.gsp.GroovyPageWritable.writeTo(Ljava/io/Writer;)Ljava/io/Writer; (36 bytes) @ 0x0000000110114a74 [0x00000001101149e0+0x94]
J 12932 C1 org.grails.web.servlet.view.GroovyPageView.renderTemplate(Ljava/util/Map;Lorg/grails/web/servlet/mvc/GrailsWebRequest;Ljavax/servlet/http/HttpServletRequest;Ljavax/servlet/http/HttpServletResponse;)V (127 bytes) @ 0x0000000110170f94 [0x0000000110170ca0+0x2f4]
J 12747 C1 org.grails.web.servlet.view.AbstractGrailsView.renderWithinGrailsWebRequest(Ljava/util/Map;Ljavax/servlet/http/HttpServletRequest;Ljavax/servlet/http/HttpServletResponse;)V (102 bytes) @ 0x000000011011094c [0x00000001101106a0+0x2ac]
J 12745 C1 org.grails.web.servlet.view.AbstractGrailsView.renderMergedOutputModel(Ljava/util/Map;Ljavax/servlet/http/HttpServletRequest;Ljavax/servlet/http/HttpServletResponse;)V (14 bytes) @ 0x00000001101102bc [0x0000000110110240+0x7c]
J 12167 C1 org.springframework.web.servlet.view.AbstractView.render(Ljava/util/Map;Ljavax/servlet/http/HttpServletRequest;Ljavax/servlet/http/HttpServletResponse;)V (92 bytes) @ 0x000000010ffcfc94 [0x000000010ffcf8c0+0x3d4]
j  org.grails.web.sitemesh.GrailsLayoutView.renderInnerView(Ljava/util/Map;Lorg/grails/web/servlet/mvc/GrailsWebRequest;Ljavax/servlet/http/HttpServletRequest;Ljavax/servlet/http/HttpServletResponse;Lorg/grails/web/sitemesh/GrailsContentBufferingResponse;)V+30
j  org.grails.web.sitemesh.GrailsLayoutView.obtainContent(Ljava/util/Map;Lorg/grails/web/servlet/mvc/GrailsWebRequest;Ljavax/servlet/http/HttpServletRequest;Ljavax/servlet/http/HttpServletResponse;)Lcom/opensymphony/sitemesh/Content;+86
j  org.grails.web.sitemesh.GrailsLayoutView.renderTemplate(Ljava/util/Map;Lorg/grails/web/servlet/mvc/GrailsWebRequest;Ljavax/servlet/http/HttpServletRequest;Ljavax/servlet/http/HttpServletResponse;)V+47
J 12747 C1 org.grails.web.servlet.view.AbstractGrailsView.renderWithinGrailsWebRequest(Ljava/util/Map;Ljavax/servlet/http/HttpServletRequest;Ljavax/servlet/http/HttpServletResponse;)V (102 bytes) @ 0x000000011011094c [0x00000001101106a0+0x2ac]
J 12745 C1 org.grails.web.servlet.view.AbstractGrailsView.renderMergedOutputModel(Ljava/util/Map;Ljavax/servlet/http/HttpServletRequest;Ljavax/servlet/http/HttpServletResponse;)V (14 bytes) @ 0x00000001101102bc [0x0000000110110240+0x7c]
J 12167 C1 org.springframework.web.servlet.view.AbstractView.render(Ljava/util/Map;Ljavax/servlet/http/HttpServletRequest;Ljavax/servlet/http/HttpServletResponse;)V (92 bytes) @ 0x000000010ffcfc94 [0x000000010ffcf8c0+0x3d4]
j  org.springframework.web.servlet.DispatcherServlet.render(Lorg/springframework/web/servlet/ModelAndView;Ljavax/servlet/http/HttpServletRequest;Ljavax/servlet/http/HttpServletResponse;)V+246
J 12919 C1 org.springframework.web.servlet.DispatcherServlet.processDispatchResult(Ljavax/servlet/http/HttpServletRequest;Ljavax/servlet/http/HttpServletResponse;Lorg/springframework/web/servlet/HandlerExecutionChain;Lorg/springframework/web/servlet/ModelAndView;Ljava/lang/Exception;)V (187 bytes) @ 0x000000011016a55c [0x000000011016a0a0+0x4bc]
j  org.springframework.web.servlet.DispatcherServlet.doDispatch(Ljavax/servlet/http/HttpServletRequest;Ljavax/servlet/http/HttpServletResponse;)V+424
j  org.springframework.web.servlet.DispatcherServlet.doService(Ljavax/servlet/http/HttpServletRequest;Ljavax/servlet/http/HttpServletResponse;)V+307
j  org.springframework.web.servlet.FrameworkServlet.processRequest(Ljavax/servlet/http/HttpServletRequest;Ljavax/servlet/http/HttpServletResponse;)V+71
J 13035 C1 org.springframework.web.servlet.FrameworkServlet.doGet(Ljavax/servlet/http/HttpServletRequest;Ljavax/servlet/http/HttpServletResponse;)V (7 bytes) @ 0x00000001101a1874 [0x00000001101a1840+0x34]
j  javax.servlet.http.HttpServlet.service(Ljavax/servlet/http/HttpServletRequest;Ljavax/servlet/http/HttpServletResponse;)V+35
J 12828 C1 org.springframework.web.servlet.FrameworkServlet.service(Ljavax/servlet/http/HttpServletRequest;Ljavax/servlet/http/HttpServletResponse;)V (37 bytes) @ 0x000000011013cb44 [0x000000011013c9c0+0x184]
J 12827 C1 javax.servlet.http.HttpServlet.service(Ljavax/servlet/ServletRequest;Ljavax/servlet/ServletResponse;)V (35 bytes) @ 0x000000011013c52c [0x000000011013c460+0xcc]
J 7771 C1 org.apache.catalina.core.ApplicationFilterChain.internalDoFilter(Ljavax/servlet/ServletRequest;Ljavax/servlet/ServletResponse;)V (388 bytes) @ 0x000000010f62ffe4 [0x000000010f62fdc0+0x224]
...<more frames>...


---------------  P R O C E S S  ---------------

Java Threads: ( => current thread )
  0x00007fde6489a000 JavaThread "Thread-9" daemon [_thread_blocked, id=18963, stack(0x000070000c693000,0x000070000c793000)]
  0x00007fde62812800 JavaThread "DestroyJavaVM" [_thread_blocked, id=9987, stack(0x000070000b7e6000,0x000070000b8e6000)]
  0x00007fde62f2c000 JavaThread "Thread-6" daemon [_thread_blocked, id=40195, stack(0x000070000dbd2000,0x000070000dcd2000)]
  0x00007fde6453a800 JavaThread "Thread-8" [_thread_blocked, id=26115, stack(0x000070000dacf000,0x000070000dbcf000)]
  0x00007fde62db2800 JavaThread "Thread-7" daemon [_thread_blocked, id=25859, stack(0x000070000d9cc000,0x000070000dacc000)]
  0x00007fde6453a000 JavaThread "http-nio-8080-AsyncTimeout" daemon [_thread_blocked, id=41219, stack(0x000070000d8c9000,0x000070000d9c9000)]
  0x00007fde642c8800 JavaThread "http-nio-8080-Acceptor-0" daemon [_thread_in_native, id=41475, stack(0x000070000d7c6000,0x000070000d8c6000)]
  0x00007fde642c8000 JavaThread "http-nio-8080-ClientPoller-1" daemon [_thread_in_native, id=25091, stack(0x000070000d6c3000,0x000070000d7c3000)]
  0x00007fde62db2000 JavaThread "http-nio-8080-ClientPoller-0" daemon [_thread_in_native, id=24579, stack(0x000070000d5c0000,0x000070000d6c0000)]
  0x00007fde62db1000 JavaThread "http-nio-8080-exec-10" daemon [_thread_blocked, id=41987, stack(0x000070000d4bd000,0x000070000d5bd000)]
  0x00007fde642c5000 JavaThread "http-nio-8080-exec-9" daemon [_thread_blocked, id=24067, stack(0x000070000d3ba000,0x000070000d4ba000)]
  0x00007fde62db0800 JavaThread "http-nio-8080-exec-8" daemon [_thread_blocked, id=42243, stack(0x000070000d2b7000,0x000070000d3b7000)]
  0x00007fde642c4800 JavaThread "http-nio-8080-exec-7" daemon [_thread_blocked, id=23299, stack(0x000070000d1b4000,0x000070000d2b4000)]
  0x00007fde642c3800 JavaThread "http-nio-8080-exec-6" daemon [_thread_blocked, id=42755, stack(0x000070000d0b1000,0x000070000d1b1000)]
  0x00007fde642c3000 JavaThread "http-nio-8080-exec-5" daemon [_thread_blocked, id=23043, stack(0x000070000cfae000,0x000070000d0ae000)]
  0x00007fde62daf800 JavaThread "http-nio-8080-exec-4" daemon [_thread_blocked, id=22531, stack(0x000070000ceab000,0x000070000cfab000)]
=>0x00007fde631b8800 JavaThread "http-nio-8080-exec-3" daemon [_thread_in_Java, id=22275, stack(0x000070000cda8000,0x000070000cea8000)]
  0x00007fde64827000 JavaThread "http-nio-8080-exec-2" daemon [_thread_blocked, id=21763, stack(0x000070000cca5000,0x000070000cda5000)]
  0x00007fde64826000 JavaThread "http-nio-8080-exec-1" daemon [_thread_blocked, id=16387, stack(0x000070000cba2000,0x000070000cca2000)]
  0x00007fde631b8000 JavaThread "NioBlockingSelector.BlockPoller-1" daemon [_thread_in_native, id=16899, stack(0x000070000ca9f000,0x000070000cb9f000)]
  0x00007fde649a4000 JavaThread "container-0" [_thread_blocked, id=17411, stack(0x000070000c99c000,0x000070000ca9c000)]
  0x00007fde64292000 JavaThread "ContainerBackgroundProcessor[StandardEngine[Tomcat]]" daemon [_thread_blocked, id=15619, stack(0x000070000c899000,0x000070000c999000)]
  0x00007fde62b99800 JavaThread "Tomcat JDBC Pool Cleaner[414493378:1540417507374]" daemon [_thread_blocked, id=4363, stack(0x000070000c590000,0x000070000c690000)]
  0x00007fde62a21800 JavaThread "FileSystemWatcher: files=#35 cl=sun.misc.Launcher$AppClassLoader@18b4aac2" daemon [_thread_blocked, id=14595, stack(0x000070000c48d000,0x000070000c58d000)]
  0x00007fde63206000 JavaThread "Service Thread" daemon [_thread_blocked, id=13571, stack(0x000070000c287000,0x000070000c387000)]
  0x00007fde629d0000 JavaThread "C1 CompilerThread2" daemon [_thread_blocked, id=13315, stack(0x000070000c184000,0x000070000c284000)]
  0x00007fde6299e000 JavaThread "C2 CompilerThread1" daemon [_thread_blocked, id=13059, stack(0x000070000c081000,0x000070000c181000)]
  0x00007fde6318b000 JavaThread "C2 CompilerThread0" daemon [_thread_blocked, id=12547, stack(0x000070000bf7e000,0x000070000c07e000)]
  0x00007fde62833000 JavaThread "Signal Dispatcher" daemon [_thread_blocked, id=12295, stack(0x000070000be7b000,0x000070000bf7b000)]
  0x00007fde63027800 JavaThread "Finalizer" daemon [_thread_blocked, id=11011, stack(0x000070000bcf5000,0x000070000bdf5000)]
  0x00007fde6285e800 JavaThread "Reference Handler" daemon [_thread_blocked, id=21251, stack(0x000070000bbf2000,0x000070000bcf2000)]

Other Threads:
  0x00007fde6285a000 VMThread [stack: 0x000070000baef000,0x000070000bbef000] [id=10755]
  0x00007fde63206800 WatcherThread [stack: 0x000070000c38a000,0x000070000c48a000] [id=14083]

VM state:not at safepoint (normal execution)

VM Mutex/Monitor currently owned by a thread: None

Heap:
 PSYoungGen      total 242176K, used 99227K [0x00000007b0000000, 0x00000007c0000000, 0x00000007c0000000)
  eden space 224256K, 38% used [0x00000007b0000000,0x00000007b53b34b0,0x00000007bdb00000)
  from space 17920K, 75% used [0x00000007bee80000,0x00000007bfbb3ab8,0x00000007c0000000)
  to   space 18944K, 0% used [0x00000007bdb00000,0x00000007bdb00000,0x00000007bed80000)
 ParOldGen       total 524288K, used 107934K [0x0000000790000000, 0x00000007b0000000, 0x00000007b0000000)
  object space 524288K, 20% used [0x0000000790000000,0x0000000796967a48,0x00000007b0000000)
 Metaspace       used 82009K, capacity 89426K, committed 89600K, reserved 1126400K
  class space    used 10362K, capacity 12674K, committed 12800K, reserved 1048576K

Card table byte_map: [0x0000000103b4d000,0x0000000103cce000] byte_map_base: 0x00000000ffecd000

Marking Bits: (ParMarkBitMap*) 0x0000000103096ea0
 Begin Bits: [0x0000000103dce000, 0x00000001049ce000)
 End Bits:   [0x00000001049ce000, 0x00000001055ce000)

Polling page: 0x00000001023dc000

CodeCache: size=245760Kb used=29454Kb max_used=29454Kb free=216305Kb
 bounds [0x000000010e577000, 0x0000000110247000, 0x000000011d577000]
 total_blobs=13764 nmethods=12978 adapters=700
 compilation: enabled

Compilation events (10 events):
Event: 6040,677 Thread 0x00007fde629d0000 13300   !   1       com.sun.proxy.$Proxy70::setAutoCommit (60 bytes)
Event: 6040,678 Thread 0x00007fde629d0000 nmethod 13300 0x0000000110241a10 code [0x0000000110241bc0, 0x0000000110241f98]
Event: 6040,681 Thread 0x00007fde629d0000 13301       1       org.h2.command.dml.TransactionCommand::needRecompile (2 bytes)
Event: 6040,681 Thread 0x00007fde629d0000 nmethod 13301 0x0000000110242250 code [0x00000001102423a0, 0x00000001102424b0]
Event: 6040,690 Thread 0x00007fde629d0000 13302       1       org.h2.command.dml.TransactionCommand::isTransactional (2 bytes)
Event: 6040,690 Thread 0x00007fde629d0000 nmethod 13302 0x0000000110242510 code [0x0000000110242660, 0x0000000110242770]
Event: 6040,693 Thread 0x00007fde629d0000 13303       1       org.springframework.transaction.support.DefaultTransactionStatus::getTransaction (5 bytes)
Event: 6040,693 Thread 0x00007fde629d0000 nmethod 13303 0x00000001102427d0 code [0x0000000110242920, 0x0000000110242a30]
Event: 6040,696 Thread 0x00007fde629d0000 13304       1       org.springframework.orm.hibernate5.HibernateTransactionManager$HibernateTransactionObject::isNewSessionHolder (5 bytes)
Event: 6040,697 Thread 0x00007fde629d0000 nmethod 13304 0x0000000110242a90 code [0x0000000110242be0, 0x0000000110242cf0]

GC Heap History (10 events):
Event: 5363,938 GC heap before
{Heap before GC invocations=69 (full 3):
 PSYoungGen      total 241152K, used 228132K [0x00000007b0000000, 0x00000007c0000000, 0x00000007c0000000)
  eden space 220672K, 100% used [0x00000007b0000000,0x00000007bd780000,0x00000007bd780000)
  from space 20480K, 36% used [0x00000007bd780000,0x00000007bdec93e0,0x00000007beb80000)
  to   space 19456K, 0% used [0x00000007bed00000,0x00000007bed00000,0x00000007c0000000)
 ParOldGen       total 524288K, used 107190K [0x0000000790000000, 0x00000007b0000000, 0x00000007b0000000)
  object space 524288K, 20% used [0x0000000790000000,0x00000007968ada48,0x00000007b0000000)
 Metaspace       used 79584K, capacity 86490K, committed 86528K, reserved 1124352K
  class space    used 10106K, capacity 12263K, committed 12288K, reserved 1048576K
Event: 5364,013 GC heap after
Heap after GC invocations=69 (full 3):
 PSYoungGen      total 243712K, used 7638K [0x00000007b0000000, 0x00000007c0000000, 0x00000007c0000000)
  eden space 224256K, 0% used [0x00000007b0000000,0x00000007b0000000,0x00000007bdb00000)
  from space 19456K, 39% used [0x00000007bed00000,0x00000007bf475b68,0x00000007c0000000)
  to   space 18432K, 0% used [0x00000007bdb00000,0x00000007bdb00000,0x00000007bed00000)
 ParOldGen       total 524288K, used 107238K [0x0000000790000000, 0x00000007b0000000, 0x00000007b0000000)
  object space 524288K, 20% used [0x0000000790000000,0x00000007968b9a48,0x00000007b0000000)
 Metaspace       used 79584K, capacity 86490K, committed 86528K, reserved 1124352K
  class space    used 10106K, capacity 12263K, committed 12288K, reserved 1048576K
}
Event: 5472,327 GC heap before
{Heap before GC invocations=70 (full 3):
 PSYoungGen      total 243712K, used 231764K [0x00000007b0000000, 0x00000007c0000000, 0x00000007c0000000)
  eden space 224256K, 99% used [0x00000007b0000000,0x00000007bdadf7b8,0x00000007bdb00000)
  from space 19456K, 39% used [0x00000007bed00000,0x00000007bf475b68,0x00000007c0000000)
  to   space 18432K, 0% used [0x00000007bdb00000,0x00000007bdb00000,0x00000007bed00000)
 ParOldGen       total 524288K, used 107238K [0x0000000790000000, 0x00000007b0000000, 0x00000007b0000000)
  object space 524288K, 20% used [0x0000000790000000,0x00000007968b9a48,0x00000007b0000000)
 Metaspace       used 79793K, capacity 86890K, committed 87168K, reserved 1124352K
  class space    used 10155K, capacity 12359K, committed 12416K, reserved 1048576K
Event: 5472,367 GC heap after
Heap after GC invocations=70 (full 3):
 PSYoungGen      total 242688K, used 8340K [0x00000007b0000000, 0x00000007c0000000, 0x00000007c0000000)
  eden space 224256K, 0% used [0x00000007b0000000,0x00000007b0000000,0x00000007bdb00000)
  from space 18432K, 45% used [0x00000007bdb00000,0x00000007be3252c0,0x00000007bed00000)
  to   space 17408K, 0% used [0x00000007bef00000,0x00000007bef00000,0x00000007c0000000)
 ParOldGen       total 524288K, used 107422K [0x0000000790000000, 0x00000007b0000000, 0x00000007b0000000)
  object space 524288K, 20% used [0x0000000790000000,0x00000007968e7a48,0x00000007b0000000)
 Metaspace       used 79793K, capacity 86890K, committed 87168K, reserved 1124352K
  class space    used 10155K, capacity 12359K, committed 12416K, reserved 1048576K
}
Event: 5620,219 GC heap before
{Heap before GC invocations=71 (full 3):
 PSYoungGen      total 242688K, used 232492K [0x00000007b0000000, 0x00000007c0000000, 0x00000007c0000000)
  eden space 224256K, 99% used [0x00000007b0000000,0x00000007bdae5e90,0x00000007bdb00000)
  from space 18432K, 45% used [0x00000007bdb00000,0x00000007be3252c0,0x00000007bed00000)
  to   space 17408K, 0% used [0x00000007bef00000,0x00000007bef00000,0x00000007c0000000)
 ParOldGen       total 524288K, used 107422K [0x0000000790000000, 0x00000007b0000000, 0x00000007b0000000)
  object space 524288K, 20% used [0x0000000790000000,0x00000007968e7a48,0x00000007b0000000)
 Metaspace       used 79800K, capacity 86914K, committed 87168K, reserved 1124352K
  class space    used 10157K, capacity 12363K, committed 12416K, reserved 1048576K
Event: 5620,282 GC heap after
Heap after GC invocations=71 (full 3):
 PSYoungGen      total 245248K, used 7473K [0x00000007b0000000, 0x00000007c0000000, 0x00000007c0000000)
  eden space 227840K, 0% used [0x00000007b0000000,0x00000007b0000000,0x00000007bde80000)
  from space 17408K, 42% used [0x00000007bef00000,0x00000007bf64c498,0x00000007c0000000)
  to   space 16896K, 0% used [0x00000007bde80000,0x00000007bde80000,0x00000007bef00000)
 ParOldGen       total 524288K, used 107750K [0x0000000790000000, 0x00000007b0000000, 0x00000007b0000000)
  object space 524288K, 20% used [0x0000000790000000,0x0000000796939a48,0x00000007b0000000)
 Metaspace       used 79800K, capacity 86914K, committed 87168K, reserved 1124352K
  class space    used 10157K, capacity 12363K, committed 12416K, reserved 1048576K
}
Event: 5926,931 GC heap before
{Heap before GC invocations=72 (full 3):
 PSYoungGen      total 245248K, used 235313K [0x00000007b0000000, 0x00000007c0000000, 0x00000007c0000000)
  eden space 227840K, 100% used [0x00000007b0000000,0x00000007bde80000,0x00000007bde80000)
  from space 17408K, 42% used [0x00000007bef00000,0x00000007bf64c498,0x00000007c0000000)
  to   space 16896K, 0% used [0x00000007bde80000,0x00000007bde80000,0x00000007bef00000)
 ParOldGen       total 524288K, used 107750K [0x0000000790000000, 0x00000007b0000000, 0x00000007b0000000)
  object space 524288K, 20% used [0x0000000790000000,0x0000000796939a48,0x00000007b0000000)
 Metaspace       used 81336K, capacity 88636K, committed 88832K, reserved 1126400K
  class space    used 10274K, capacity 12504K, committed 12544K, reserved 1048576K
Event: 5927,022 GC heap after
Heap after GC invocations=72 (full 3):
 PSYoungGen      total 242176K, used 14099K [0x00000007b0000000, 0x00000007c0000000, 0x00000007c0000000)
  eden space 227840K, 0% used [0x00000007b0000000,0x00000007b0000000,0x00000007bde80000)
  from space 14336K, 98% used [0x00000007bde80000,0x00000007bec44c70,0x00000007bec80000)
  to   space 17920K, 0% used [0x00000007bee80000,0x00000007bee80000,0x00000007c0000000)
 ParOldGen       total 524288K, used 107838K [0x0000000790000000, 0x00000007b0000000, 0x00000007b0000000)
  object space 524288K, 20% used [0x0000000790000000,0x000000079694fa48,0x00000007b0000000)
 Metaspace       used 81336K, capacity 88636K, committed 88832K, reserved 1126400K
  class space    used 10274K, capacity 12504K, committed 12544K, reserved 1048576K
}
Event: 6008,397 GC heap before
{Heap before GC invocations=73 (full 3):
 PSYoungGen      total 242176K, used 241939K [0x00000007b0000000, 0x00000007c0000000, 0x00000007c0000000)
  eden space 227840K, 100% used [0x00000007b0000000,0x00000007bde80000,0x00000007bde80000)
  from space 14336K, 98% used [0x00000007bde80000,0x00000007bec44c70,0x00000007bec80000)
  to   space 17920K, 0% used [0x00000007bee80000,0x00000007bee80000,0x00000007c0000000)
 ParOldGen       total 524288K, used 107838K [0x0000000790000000, 0x00000007b0000000, 0x00000007b0000000)
  object space 524288K, 20% used [0x0000000790000000,0x000000079694fa48,0x00000007b0000000)
 Metaspace       used 81668K, capacity 88980K, committed 89216K, reserved 1126400K
  class space    used 10324K, capacity 12594K, committed 12672K, reserved 1048576K
Event: 6008,454 GC heap after
Heap after GC invocations=73 (full 3):
 PSYoungGen      total 242176K, used 13518K [0x00000007b0000000, 0x00000007c0000000, 0x00000007c0000000)
  eden space 224256K, 0% used [0x00000007b0000000,0x00000007b0000000,0x00000007bdb00000)
  from space 17920K, 75% used [0x00000007bee80000,0x00000007bfbb3ab8,0x00000007c0000000)
  to   space 18944K, 0% used [0x00000007bdb00000,0x00000007bdb00000,0x00000007bed80000)
 ParOldGen       total 524288K, used 107934K [0x0000000790000000, 0x00000007b0000000, 0x00000007b0000000)
  object space 524288K, 20% used [0x0000000790000000,0x0000000796967a48,0x00000007b0000000)
 Metaspace       used 81668K, capacity 88980K, committed 89216K, reserved 1126400K
  class space    used 10324K, capacity 12594K, committed 12672K, reserved 1048576K
}

Deoptimization events (0 events):
No events

Classes redefined (0 events):
No events

Internal exceptions (10 events):
Event: 6040,662 Thread 0x00007fde631b8800 Exception <a 'java/lang/ArrayIndexOutOfBoundsException'> (0x00000007b5317240) thrown at [/Users/tester/jenkins/workspace/zulu8-silver-build-macos/zulu-src/hotspot/src/share/vm/runtime/sharedRuntime.cpp, line 605]
Event: 6040,662 Thread 0x00007fde631b8800 Exception <a 'java/lang/ArrayIndexOutOfBoundsException'> (0x00000007b531e100) thrown at [/Users/tester/jenkins/workspace/zulu8-silver-build-macos/zulu-src/hotspot/src/share/vm/runtime/sharedRuntime.cpp, line 605]
Event: 6040,662 Thread 0x00007fde631b8800 Exception <a 'java/lang/ArrayIndexOutOfBoundsException'> (0x00000007b5320fa8) thrown at [/Users/tester/jenkins/workspace/zulu8-silver-build-macos/zulu-src/hotspot/src/share/vm/runtime/sharedRuntime.cpp, line 605]
Event: 6040,662 Thread 0x00007fde631b8800 Exception <a 'java/lang/ArrayIndexOutOfBoundsException'> (0x00000007b53240a0) thrown at [/Users/tester/jenkins/workspace/zulu8-silver-build-macos/zulu-src/hotspot/src/share/vm/runtime/sharedRuntime.cpp, line 605]
Event: 6040,662 Thread 0x00007fde631b8800 Exception <a 'java/lang/ArrayIndexOutOfBoundsException'> (0x00000007b532b590) thrown at [/Users/tester/jenkins/workspace/zulu8-silver-build-macos/zulu-src/hotspot/src/share/vm/runtime/sharedRuntime.cpp, line 605]
Event: 6040,662 Thread 0x00007fde631b8800 Exception <a 'java/lang/ArrayIndexOutOfBoundsException'> (0x00000007b532e908) thrown at [/Users/tester/jenkins/workspace/zulu8-silver-build-macos/zulu-src/hotspot/src/share/vm/runtime/sharedRuntime.cpp, line 605]
Event: 6040,662 Thread 0x00007fde631b8800 Exception <a 'java/lang/ArrayIndexOutOfBoundsException'> (0x00000007b5335bd8) thrown at [/Users/tester/jenkins/workspace/zulu8-silver-build-macos/zulu-src/hotspot/src/share/vm/runtime/sharedRuntime.cpp, line 605]
Event: 6040,663 Thread 0x00007fde631b8800 Exception <a 'java/lang/ArrayIndexOutOfBoundsException'> (0x00000007b533b708) thrown at [/Users/tester/jenkins/workspace/zulu8-silver-build-macos/zulu-src/hotspot/src/share/vm/runtime/sharedRuntime.cpp, line 605]
Event: 6040,663 Thread 0x00007fde631b8800 Exception <a 'java/lang/ArrayIndexOutOfBoundsException'> (0x00000007b533e7a8) thrown at [/Users/tester/jenkins/workspace/zulu8-silver-build-macos/zulu-src/hotspot/src/share/vm/runtime/sharedRuntime.cpp, line 605]
Event: 6040,663 Thread 0x00007fde631b8800 Exception <a 'java/lang/ArrayIndexOutOfBoundsException'> (0x00000007b5340240) thrown at [/Users/tester/jenkins/workspace/zulu8-silver-build-macos/zulu-src/hotspot/src/share/vm/runtime/sharedRuntime.cpp, line 605]

Events (10 events):
Event: 6040,648 loading class rewit/UserBeanInfo
Event: 6040,648 loading class rewit/UserBeanInfo done
Event: 6040,648 loading class rewit/UserCustomizer
Event: 6040,648 loading class rewit/UserCustomizer done
Event: 6040,649 loading class rewit/UserCustomizer
Event: 6040,649 loading class rewit/UserCustomizer done
Event: 6040,654 loading class rewit/UserCustomizer
Event: 6040,654 loading class rewit/UserCustomizer done
Event: 6040,691 Executing VM operation: RevokeBias
Event: 6040,691 Executing VM operation: RevokeBias done


Dynamic libraries:
0x00007fff2ee20000 	/System/Library/Frameworks/Cocoa.framework/Versions/A/Cocoa
0x00007fff3b462000 	/System/Library/Frameworks/Security.framework/Versions/A/Security
0x00007fff2da62000 	/System/Library/Frameworks/ApplicationServices.framework/Versions/A/ApplicationServices
0x00007fff5733c000 	/usr/lib/libz.1.dylib
0x00007fff551ee000 	/usr/lib/libSystem.B.dylib
0x00007fff56929000 	/usr/lib/libobjc.A.dylib
0x00007fff31759000 	/System/Library/Frameworks/Foundation.framework/Versions/C/Foundation
0x00007fff2f5e1000 	/System/Library/Frameworks/CoreFoundation.framework/Versions/A/CoreFoundation
0x00007fff2cbb2000 	/System/Library/Frameworks/AppKit.framework/Versions/C/AppKit
0x00007fff2f198000 	/System/Library/Frameworks/CoreData.framework/Versions/A/CoreData
0x00007fff4eb2e000 	/System/Library/PrivateFrameworks/RemoteViewServices.framework/Versions/A/RemoteViewServices
0x00007fff53293000 	/System/Library/PrivateFrameworks/UIFoundation.framework/Versions/A/UIFoundation
0x00007fff4392a000 	/System/Library/PrivateFrameworks/DFRFoundation.framework/Versions/A/DFRFoundation
0x00007fff33dc8000 	/System/Library/Frameworks/Metal.framework/Versions/A/Metal
0x00007fff43ac7000 	/System/Library/PrivateFrameworks/DesktopServicesPriv.framework/Versions/A/DesktopServicesPriv
0x00007fff55e76000 	/usr/lib/libenergytrace.dylib
0x00007fff512fe000 	/System/Library/PrivateFrameworks/SkyLight.framework/Versions/A/SkyLight
0x00007fff2fa7d000 	/System/Library/Frameworks/CoreGraphics.framework/Versions/A/CoreGraphics
0x00007fff551e9000 	/usr/lib/libScreenReader.dylib
0x00007fff2b8c4000 	/System/Library/Frameworks/Accelerate.framework/Versions/A/Accelerate
0x00007fff31ed3000 	/System/Library/Frameworks/IOSurface.framework/Versions/A/IOSurface
0x00007fff2dfac000 	/System/Library/Frameworks/AudioToolbox.framework/Versions/A/AudioToolbox
0x00007fff2e23c000 	/System/Library/Frameworks/AudioUnit.framework/Versions/A/AudioUnit
0x00007fff439c2000 	/System/Library/PrivateFrameworks/DataDetectorsCore.framework/Versions/A/DataDetectorsCore
0x00007fff2e913000 	/System/Library/Frameworks/Carbon.framework/Versions/A/Frameworks/HIToolbox.framework/Versions/A/HIToolbox
0x00007fff55fd0000 	/usr/lib/libicucore.A.dylib
0x00007fff3a9e0000 	/System/Library/Frameworks/QuartzCore.framework/Versions/A/QuartzCore
0x00007fff505b5000 	/System/Library/PrivateFrameworks/SignpostNotification.framework/Versions/A/SignpostNotification
0x00007fff2ecf9000 	/System/Library/Frameworks/Carbon.framework/Versions/A/Frameworks/SpeechRecognition.framework/Versions/A/SpeechRecognition
0x00007fff553cc000 	/usr/lib/libauto.dylib
0x00007fff5722b000 	/usr/lib/libxml2.2.dylib
0x00007fff4357b000 	/System/Library/PrivateFrameworks/CoreUI.framework/Versions/A/CoreUI
0x00007fff2f074000 	/System/Library/Frameworks/CoreAudio.framework/Versions/A/CoreAudio
0x00007fff31593000 	/System/Library/Frameworks/DiskArbitration.framework/Versions/A/DiskArbitration
0x00007fff56244000 	/usr/lib/liblangid.dylib
0x00007fff4b034000 	/System/Library/PrivateFrameworks/MultitouchSupport.framework/Versions/A/MultitouchSupport
0x00007fff31e36000 	/System/Library/Frameworks/IOKit.framework/Versions/A/IOKit
0x00007fff54e78000 	/usr/lib/libDiagnosticMessagesClient.dylib
0x00007fff30771000 	/System/Library/Frameworks/CoreServices.framework/Versions/A/CoreServices
0x00007fff4cb66000 	/System/Library/PrivateFrameworks/PerformanceAnalysis.framework/Versions/A/PerformanceAnalysis
0x00007fff39b82000 	/System/Library/Frameworks/OpenGL.framework/Versions/A/OpenGL
0x00007fff2ee2e000 	/System/Library/Frameworks/ColorSync.framework/Versions/A/ColorSync
0x00007fff300ad000 	/System/Library/Frameworks/CoreImage.framework/Versions/A/CoreImage
0x00007fff31101000 	/System/Library/Frameworks/CoreText.framework/Versions/A/CoreText
0x00007fff31f31000 	/System/Library/Frameworks/ImageIO.framework/Versions/A/ImageIO
0x00007fff40272000 	/System/Library/PrivateFrameworks/Backup.framework/Versions/A/Backup
0x00007fff5529a000 	/usr/lib/libarchive.2.dylib
0x00007fff2e55f000 	/System/Library/Frameworks/CFNetwork.framework/Versions/A/CFNetwork
0x00007fff3bbf5000 	/System/Library/Frameworks/SystemConfiguration.framework/Versions/A/SystemConfiguration
0x00007fff54da1000 	/usr/lib/libCRFSuite.dylib
0x00007fff554a5000 	/usr/lib/libc++.1.dylib
0x00007fff554fc000 	/usr/lib/libc++abi.dylib
0x00007fff573ea000 	/usr/lib/system/libcache.dylib
0x00007fff573ef000 	/usr/lib/system/libcommonCrypto.dylib
0x00007fff573fa000 	/usr/lib/system/libcompiler_rt.dylib
0x00007fff57402000 	/usr/lib/system/libcopyfile.dylib
0x00007fff5740c000 	/usr/lib/system/libcorecrypto.dylib
0x00007fff57519000 	/usr/lib/system/libdispatch.dylib
0x00007fff57553000 	/usr/lib/system/libdyld.dylib
0x00007fff57571000 	/usr/lib/system/libkeymgr.dylib
0x00007fff5757f000 	/usr/lib/system/liblaunch.dylib
0x00007fff57580000 	/usr/lib/system/libmacho.dylib
0x00007fff57585000 	/usr/lib/system/libquarantine.dylib
0x00007fff57588000 	/usr/lib/system/libremovefile.dylib
0x00007fff5758a000 	/usr/lib/system/libsystem_asl.dylib
0x00007fff575a2000 	/usr/lib/system/libsystem_blocks.dylib
0x00007fff575a3000 	/usr/lib/system/libsystem_c.dylib
0x00007fff5762d000 	/usr/lib/system/libsystem_configuration.dylib
0x00007fff57631000 	/usr/lib/system/libsystem_coreservices.dylib
0x00007fff57635000 	/usr/lib/system/libsystem_darwin.dylib
0x00007fff57637000 	/usr/lib/system/libsystem_dnssd.dylib
0x00007fff5763e000 	/usr/lib/system/libsystem_info.dylib
0x00007fff576af000 	/usr/lib/system/libsystem_m.dylib
0x00007fff576fb000 	/usr/lib/system/libsystem_malloc.dylib
0x00007fff5771b000 	/usr/lib/system/libsystem_network.dylib
0x00007fff5784c000 	/usr/lib/system/libsystem_networkextension.dylib
0x00007fff57857000 	/usr/lib/system/libsystem_notify.dylib
0x00007fff57875000 	/usr/lib/system/libsystem_sandbox.dylib
0x00007fff57879000 	/usr/lib/system/libsystem_secinit.dylib
0x00007fff57688000 	/usr/lib/system/libsystem_kernel.dylib
0x00007fff57861000 	/usr/lib/system/libsystem_platform.dylib
0x00007fff57869000 	/usr/lib/system/libsystem_pthread.dylib
0x00007fff5787b000 	/usr/lib/system/libsystem_symptoms.dylib
0x00007fff57883000 	/usr/lib/system/libsystem_trace.dylib
0x00007fff57898000 	/usr/lib/system/libunwind.dylib
0x00007fff5789e000 	/usr/lib/system/libxpc.dylib
0x00007fff54cb4000 	/usr/lib/closure/libclosured.dylib
0x00007fff55486000 	/usr/lib/libbsm.0.dylib
0x00007fff57572000 	/usr/lib/system/libkxld.dylib
0x00007fff550b2000 	/usr/lib/libOpenScriptingUtil.dylib
0x00007fff557f5000 	/usr/lib/libcoretls.dylib
0x00007fff5580e000 	/usr/lib/libcoretls_cfhelpers.dylib
0x00007fff56d2d000 	/usr/lib/libpam.2.dylib
0x00007fff56e54000 	/usr/lib/libsqlite3.dylib
0x00007fff5721a000 	/usr/lib/libxar.1.dylib
0x00007fff55497000 	/usr/lib/libbz2.1.0.dylib
0x00007fff56246000 	/usr/lib/liblzma.5.dylib
0x00007fff56727000 	/usr/lib/libnetwork.dylib
0x00007fff55283000 	/usr/lib/libapple_nghttp2.dylib
0x00007fff56d34000 	/usr/lib/libpcap.A.dylib
0x00007fff553cd000 	/usr/lib/libboringssl.dylib
0x00007fff571b5000 	/usr/lib/libusrtcp.dylib
0x00007fff55282000 	/usr/lib/libapple_crypto.dylib
0x00007fff30af4000 	/System/Library/Frameworks/CoreServices.framework/Versions/A/Frameworks/FSEvents.framework/Versions/A/FSEvents
0x00007fff307e7000 	/System/Library/Frameworks/CoreServices.framework/Versions/A/Frameworks/CarbonCore.framework/Versions/A/CarbonCore
0x00007fff30cbb000 	/System/Library/Frameworks/CoreServices.framework/Versions/A/Frameworks/Metadata.framework/Versions/A/Metadata
0x00007fff30d6c000 	/System/Library/Frameworks/CoreServices.framework/Versions/A/Frameworks/OSServices.framework/Versions/A/OSServices
0x00007fff30dcd000 	/System/Library/Frameworks/CoreServices.framework/Versions/A/Frameworks/SearchKit.framework/Versions/A/SearchKit
0x00007fff30772000 	/System/Library/Frameworks/CoreServices.framework/Versions/A/Frameworks/AE.framework/Versions/A/AE
0x00007fff30afd000 	/System/Library/Frameworks/CoreServices.framework/Versions/A/Frameworks/LaunchServices.framework/Versions/A/LaunchServices
0x00007fff30abf000 	/System/Library/Frameworks/CoreServices.framework/Versions/A/Frameworks/DictionaryServices.framework/Versions/A/DictionaryServices
0x00007fff30e3c000 	/System/Library/Frameworks/CoreServices.framework/Versions/A/Frameworks/SharedFileList.framework/Versions/A/SharedFileList
0x00007fff34ffe000 	/System/Library/Frameworks/NetFS.framework/Versions/A/NetFS
0x00007fff4b2c5000 	/System/Library/PrivateFrameworks/NetAuth.framework/Versions/A/NetAuth
0x00007fff54b4b000 	/System/Library/PrivateFrameworks/login.framework/Versions/A/Frameworks/loginsupport.framework/Versions/A/loginsupport
0x00007fff52f10000 	/System/Library/PrivateFrameworks/TCC.framework/Versions/A/TCC
0x00007fff56327000 	/usr/lib/libmecabra.dylib
0x00007fff2da63000 	/System/Library/Frameworks/ApplicationServices.framework/Versions/A/Frameworks/ATS.framework/Versions/A/ATS
0x00007fff2de11000 	/System/Library/Frameworks/ApplicationServices.framework/Versions/A/Frameworks/ColorSyncLegacy.framework/Versions/A/ColorSyncLegacy
0x00007fff2deb5000 	/System/Library/Frameworks/ApplicationServices.framework/Versions/A/Frameworks/HIServices.framework/Versions/A/HIServices
0x00007fff2df08000 	/System/Library/Frameworks/ApplicationServices.framework/Versions/A/Frameworks/LangAnalysis.framework/Versions/A/LangAnalysis
0x00007fff2df17000 	/System/Library/Frameworks/ApplicationServices.framework/Versions/A/Frameworks/PrintCore.framework/Versions/A/PrintCore
0x00007fff2df64000 	/System/Library/Frameworks/ApplicationServices.framework/Versions/A/Frameworks/QD.framework/Versions/A/QD
0x00007fff2df9f000 	/System/Library/Frameworks/ApplicationServices.framework/Versions/A/Frameworks/SpeechSynthesis.framework/Versions/A/SpeechSynthesis
0x00007fff2f4fd000 	/System/Library/Frameworks/CoreDisplay.framework/Versions/A/CoreDisplay
0x00007fff2b8dd000 	/System/Library/Frameworks/Accelerate.framework/Versions/A/Frameworks/vImage.framework/Versions/A/vImage
0x00007fff2c8be000 	/System/Library/Frameworks/Accelerate.framework/Versions/A/Frameworks/vecLib.framework/Versions/A/vecLib
0x00007fff2c693000 	/System/Library/Frameworks/Accelerate.framework/Versions/A/Frameworks/vecLib.framework/Versions/A/libvDSP.dylib
0x00007fff2c1cd000 	/System/Library/Frameworks/Accelerate.framework/Versions/A/Frameworks/vecLib.framework/Versions/A/libBNNS.dylib
0x00007fff2c5f9000 	/System/Library/Frameworks/Accelerate.framework/Versions/A/Frameworks/vecLib.framework/Versions/A/libQuadrature.dylib
0x00007fff2c807000 	/System/Library/Frameworks/Accelerate.framework/Versions/A/Frameworks/vecLib.framework/Versions/A/libvMisc.dylib
0x00007fff2c208000 	/System/Library/Frameworks/Accelerate.framework/Versions/A/Frameworks/vecLib.framework/Versions/A/libLAPACK.dylib
0x00007fff2c02c000 	/System/Library/Frameworks/Accelerate.framework/Versions/A/Frameworks/vecLib.framework/Versions/A/libBLAS.dylib
0x00007fff2c5e2000 	/System/Library/Frameworks/Accelerate.framework/Versions/A/Frameworks/vecLib.framework/Versions/A/libLinearAlgebra.dylib
0x00007fff2c5ff000 	/System/Library/Frameworks/Accelerate.framework/Versions/A/Frameworks/vecLib.framework/Versions/A/libSparse.dylib
0x00007fff2c680000 	/System/Library/Frameworks/Accelerate.framework/Versions/A/Frameworks/vecLib.framework/Versions/A/libSparseBLAS.dylib
0x00007fff48106000 	/System/Library/PrivateFrameworks/GPUWrangler.framework/Versions/A/GPUWrangler
0x00007fff49897000 	/System/Library/PrivateFrameworks/IOAccelerator.framework/Versions/A/IOAccelerator
0x00007fff498a2000 	/System/Library/PrivateFrameworks/IOPresentment.framework/Versions/A/IOPresentment
0x00007fff4393c000 	/System/Library/PrivateFrameworks/DSExternalDisplay.framework/Versions/A/DSExternalDisplay
0x00007fff39001000 	/System/Library/Frameworks/OpenGL.framework/Versions/A/Libraries/libCoreFSCache.dylib
0x00007fff31252000 	/System/Library/Frameworks/CoreVideo.framework/Versions/A/CoreVideo
0x00007fff48e81000 	/System/Library/PrivateFrameworks/GraphVisualizer.framework/Versions/A/GraphVisualizer
0x00007fff33fff000 	/System/Library/Frameworks/MetalPerformanceShaders.framework/Versions/A/MetalPerformanceShaders
0x00007fff54eb0000 	/usr/lib/libFosl_dynamic.dylib
0x00007fff44a10000 	/System/Library/PrivateFrameworks/FaceCore.framework/Versions/A/FaceCore
0x00007fff37dfc000 	/System/Library/Frameworks/OpenCL.framework/Versions/A/OpenCL
0x00007fff55533000 	/usr/lib/libcompression.dylib
0x00007fff2db62000 	/System/Library/Frameworks/ApplicationServices.framework/Versions/A/Frameworks/ATS.framework/Versions/A/Resources/libFontParser.dylib
0x00007fff2dc85000 	/System/Library/Frameworks/ApplicationServices.framework/Versions/A/Frameworks/ATS.framework/Versions/A/Resources/libFontRegistry.dylib
0x00007fff3219c000 	/System/Library/Frameworks/ImageIO.framework/Versions/A/Resources/libJPEG.dylib
0x00007fff324c6000 	/System/Library/Frameworks/ImageIO.framework/Versions/A/Resources/libTIFF.dylib
0x00007fff3249c000 	/System/Library/Frameworks/ImageIO.framework/Versions/A/Resources/libPng.dylib
0x00007fff320af000 	/System/Library/Frameworks/ImageIO.framework/Versions/A/Resources/libGIF.dylib
0x00007fff320b4000 	/System/Library/Frameworks/ImageIO.framework/Versions/A/Resources/libJP2.dylib
0x00007fff324c3000 	/System/Library/Frameworks/ImageIO.framework/Versions/A/Resources/libRadiance.dylib
0x00007fff3f99d000 	/System/Library/PrivateFrameworks/AppleJPEG.framework/Versions/A/AppleJPEG
0x00007fff33e66000 	/System/Library/Frameworks/MetalPerformanceShaders.framework/Frameworks/MPSCore.framework/Versions/A/MPSCore
0x00007fff33e82000 	/System/Library/Frameworks/MetalPerformanceShaders.framework/Frameworks/MPSImage.framework/Versions/A/MPSImage
0x00007fff33f17000 	/System/Library/Frameworks/MetalPerformanceShaders.framework/Frameworks/MPSNeuralNetwork.framework/Versions/A/MPSNeuralNetwork
0x00007fff33ef2000 	/System/Library/Frameworks/MetalPerformanceShaders.framework/Frameworks/MPSMatrix.framework/Versions/A/MPSMatrix
0x00007fff4ad98000 	/System/Library/PrivateFrameworks/MetalTools.framework/Versions/A/MetalTools
0x00007fff391cc000 	/System/Library/Frameworks/OpenGL.framework/Versions/A/Libraries/libGLU.dylib
0x00007fff3900c000 	/System/Library/Frameworks/OpenGL.framework/Versions/A/Libraries/libGFXShared.dylib
0x00007fff39016000 	/System/Library/Frameworks/OpenGL.framework/Versions/A/Libraries/libGL.dylib
0x00007fff39022000 	/System/Library/Frameworks/OpenGL.framework/Versions/A/Libraries/libGLImage.dylib
0x00007fff38ffe000 	/System/Library/Frameworks/OpenGL.framework/Versions/A/Libraries/libCVMSPluginSupport.dylib
0x00007fff39007000 	/System/Library/Frameworks/OpenGL.framework/Versions/A/Libraries/libCoreVMClient.dylib
0x00007fff55ce0000 	/usr/lib/libcups.2.dylib
0x00007fff333cd000 	/System/Library/Frameworks/Kerberos.framework/Versions/A/Kerberos
0x00007fff31b90000 	/System/Library/Frameworks/GSS.framework/Versions/A/GSS
0x00007fff56de7000 	/usr/lib/libresolv.9.dylib
0x00007fff55ede000 	/usr/lib/libiconv.2.dylib
0x00007fff48f13000 	/System/Library/PrivateFrameworks/Heimdal.framework/Versions/A/Heimdal
0x00007fff55ead000 	/usr/lib/libheimdal-asn1.dylib
0x00007fff37e74000 	/System/Library/Frameworks/OpenDirectory.framework/Versions/A/OpenDirectory
0x00007fff41cb3000 	/System/Library/PrivateFrameworks/CommonAuth.framework/Versions/A/CommonAuth
0x00007fff37e57000 	/System/Library/Frameworks/OpenDirectory.framework/Versions/A/Frameworks/CFOpenDirectory.framework/Versions/A/CFOpenDirectory
0x00007fff3b78e000 	/System/Library/Frameworks/SecurityFoundation.framework/Versions/A/SecurityFoundation
0x00007fff3eb62000 	/System/Library/PrivateFrameworks/APFS.framework/Versions/A/APFS
0x00007fff57216000 	/usr/lib/libutil.dylib
0x00007fff3fa20000 	/System/Library/PrivateFrameworks/AppleSauce.framework/Versions/A/AppleSauce
0x00007fff4a07f000 	/System/Library/PrivateFrameworks/LinguisticData.framework/Versions/A/LinguisticData
0x00007fff56260000 	/usr/lib/libmarisa.dylib
0x00007fff4a039000 	/System/Library/PrivateFrameworks/Lexicon.framework/Versions/A/Lexicon
0x00007fff54ddb000 	/usr/lib/libChineseTokenizer.dylib
0x00007fff55522000 	/usr/lib/libcmph.dylib
0x00007fff49f43000 	/System/Library/PrivateFrameworks/LanguageModeling.framework/Versions/A/LanguageModeling
0x00007fff427c2000 	/System/Library/PrivateFrameworks/CoreEmoji.framework/Versions/A/CoreEmoji
0x00007fff3b84c000 	/System/Library/Frameworks/ServiceManagement.framework/Versions/A/ServiceManagement
0x00007fff4026a000 	/System/Library/PrivateFrameworks/BackgroundTaskManagement.framework/Versions/A/BackgroundTaskManagement
0x00007fff57313000 	/usr/lib/libxslt.1.dylib
0x00007fff2ec23000 	/System/Library/Frameworks/Carbon.framework/Versions/A/Frameworks/Ink.framework/Versions/A/Ink
0x00007fff53125000 	/System/Library/PrivateFrameworks/TextureIO.framework/Versions/A/TextureIO
0x00007fff552c5000 	/usr/lib/libate.dylib
0x00007fff4389c000 	/System/Library/PrivateFrameworks/CrashReporterSupport.framework/Versions/A/CrashReporterSupport
0x00007fff50475000 	/System/Library/PrivateFrameworks/Sharing.framework/Versions/A/Sharing
0x00007fff49c84000 	/System/Library/PrivateFrameworks/IconServices.framework/Versions/A/IconServices
0x00007fff3fe9a000 	/System/Library/PrivateFrameworks/AuthKit.framework/Versions/A/AuthKit
0x00007fff3f820000 	/System/Library/PrivateFrameworks/Apple80211.framework/Versions/A/Apple80211
0x00007fff436b1000 	/System/Library/PrivateFrameworks/CoreUtils.framework/Versions/A/CoreUtils
0x00007fff3128d000 	/System/Library/Frameworks/CoreWLAN.framework/Versions/A/CoreWLAN
0x00007fff31cd2000 	/System/Library/Frameworks/IOBluetooth.framework/Versions/A/IOBluetooth
0x00007fff4e935000 	/System/Library/PrivateFrameworks/ProtocolBuffer.framework/Versions/A/ProtocolBuffer
0x00007fff4af8f000 	/System/Library/PrivateFrameworks/MobileKeyBag.framework/Versions/A/MobileKeyBag
0x00007fff42f66000 	/System/Library/PrivateFrameworks/CorePhoneNumbers.framework/Versions/A/CorePhoneNumbers
0x00007fff3f958000 	/System/Library/PrivateFrameworks/AppleIDAuthSupport.framework/Versions/A/AppleIDAuthSupport
0x00007fff49f2f000 	/System/Library/PrivateFrameworks/KeychainCircle.framework/Versions/A/KeychainCircle
0x00007fff43837000 	/System/Library/PrivateFrameworks/CoreWiFi.framework/Versions/A/CoreWiFi
0x00007fff2f16e000 	/System/Library/Frameworks/CoreBluetooth.framework/Versions/A/CoreBluetooth
0x00007fff43a86000 	/System/Library/PrivateFrameworks/DebugSymbols.framework/Versions/A/DebugSymbols
0x00007fff43467000 	/System/Library/PrivateFrameworks/CoreSymbolication.framework/Versions/A/CoreSymbolication
0x00007fff52916000 	/System/Library/PrivateFrameworks/Symbolication.framework/Versions/A/Symbolication
0x00007fff3f84a000 	/System/Library/PrivateFrameworks/AppleFSCompression.framework/Versions/A/AppleFSCompression
0x00007fff51d63000 	/System/Library/PrivateFrameworks/SpeechRecognitionCore.framework/Versions/A/SpeechRecognitionCore
0x0000000102800000 	/Users/leosilva/.sdkman/candidates/java/8.0.181-zulu/jre/lib/server/libjvm.dylib
0x00007fff570e3000 	/usr/lib/libstdc++.6.0.9.dylib
0x0000000102387000 	/Users/leosilva/.sdkman/candidates/java/8.0.181-zulu/jre/lib/libverify.dylib
0x0000000102395000 	/Users/leosilva/.sdkman/candidates/java/8.0.181-zulu/jre/lib/libjava.dylib
0x00000001036f6000 	/Users/leosilva/.sdkman/candidates/java/8.0.181-zulu/jre/lib/libinstrument.dylib
0x00000001023e7000 	/Users/leosilva/.sdkman/candidates/java/8.0.181-zulu/jre/lib/libzip.dylib
0x0000000108d04000 	/Users/leosilva/.sdkman/candidates/java/8.0.181-zulu/jre/lib/libnet.dylib
0x000000010958e000 	/Users/leosilva/.sdkman/candidates/java/8.0.181-zulu/jre/lib/libmanagement.dylib
0x0000000109b9b000 	/Users/leosilva/.sdkman/candidates/java/8.0.181-zulu/jre/lib/libnio.dylib

VM Arguments:
jvm_args: -Dendpoints.shutdown.enabled=true -Denv=development -Dfull.stacktrace=false -Dgrails.env=development -Dgrails.full.stacktrace=false -Dinfo.app.grailsVersion=3.3.2 -Dinfo.app.name=rewit -Dinfo.app.version=0.1 -Djdk.reflect.allowGetCallerClass=true -Drun.active=true -Dspring.output.ansi.enabled=always -Dspringloaded=inclusions=grails.plugins..*;synchronize=true;allowSplitPackages=true;cacheDir=/Users/leosilva/development/workspace/rewit/build/springloaded -Dverbose=false -XX:+TieredCompilation -XX:TieredStopAtLevel=1 -XX:CICompilerCount=3 -javaagent:/Users/leosilva/.gradle/caches/modules-2/files-2.1/org.springframework/springloaded/1.2.8.RELEASE/b60bac05b0451cdc1863bfec617f39aa0dcaaa43/springloaded-1.2.8.RELEASE.jar -Xverify:none -Xms768m -Xmx768m -Dfile.encoding=UTF-8 -Duser.country=BR -Duser.language=pt -Duser.variant 
java_command: rewit.Application
java_class_path (initial): /Users/leosilva/development/workspace/rewit/src/main/resources:/Users/leosilva/development/workspace/rewit/grails-app/views:/Users/leosilva/development/workspace/rewit/grails-app/i18n:/Users/leosilva/development/workspace/rewit/grails-app/conf:/Users/leosilva/development/workspace/rewit/build/classes/java/main:/Users/leosilva/development/workspace/rewit/build/classes/groovy/main:/Users/leosilva/development/workspace/rewit/build/resources/main:/Users/leosilva/development/workspace/rewit/gsp-classes:/Users/leosilva/.gradle/caches/modules-2/files-2.1/org.springframework.boot/spring-boot-starter-actuator/1.5.8.RELEASE/927c40a1af518dc240dfdf7aaf0a9673c3a127c5/spring-boot-starter-actuator-1.5.8.RELEASE.jar:/Users/leosilva/.gradle/caches/modules-2/files-2.1/org.springframework.boot/spring-boot-starter/1.5.8.RELEASE/18048efe1f06569022a53cc3fb2fe9c0162935a3/spring-boot-starter-1.5.8.RELEASE.jar:/Users/leosilva/.gradle/caches/modules-2/files-2.1/org.springframework.boot/spring-boot-starter-logging/1.5.8.RELEASE/ebc00a0e46753d90431fdcc5e3d6b9fd3bf1564a/spring-boot-starter-logging-1.5.8.RELEASE.jar:/Users/leosilva/.gradle/caches/modules-2/files-2.1/org.springframework.boot/spring-boot-actuator/1.5.8.RELEASE/aac530fe877ed91c92831019755c49f29b08e6/spring-boot-actuator-1.5.8.RELEASE.jar:/Users/leosilva/.gradle/caches/modules-2/files-2.1/org.springframework.boot/spring-boot-autoconfigure/1.5.8.RELEASE/e4f2efa4c319f4e3613d94fbccfdb5ccda6873e3/spring-boot-autoconfigure-1.5.8.RELEASE.jar:/Users/leosilva/.gradle/caches/modules-2/files-2.1/org.grails/grails-logging/3.3.2/4d1eb8335f81f9d0341688230c3d0f133b1e7cd4/grails-logging-3.3.2.jar:/Users/leosilva/.gradle/caches/modules-2/files-2.1/org.grails/grails-plugin-databinding/3.3.2/8d7ee9adb4ac2666fd5aa9cdc87a9e5138459c45/grails-plugin-databinding-3.3.2.jar:/Users/leosilva/.gradle/caches/modules-2/files-2.1/org.grails/grails-plugin-services/3.3.2/ea22bd2a1edfe4aa09a4b14de4083d08bad7bf31/grails-plugin-services-3.
Launcher Type: SUN_STANDARD

Environment Variables:
JAVA_HOME=/Users/leosilva/.sdkman/candidates/java/current
PATH=/Users/leosilva/Library/Android/sdk/platform-tools:/Users/leosilva/Library/Android/sdk/tools:/Users/leosilva/.sdkman/candidates/maven/current/bin:/Users/leosilva/.sdkman/candidates/groovy/current/bin:/Users/leosilva/.sdkman/candidates/grails/current/bin:/Users/leosilva/.sdkman/candidates/gradle/current/bin:/Users/leosilva/.sdkman/candidates/java/current/bin:/usr/local/bin:/usr/bin:/bin:/usr/sbin:/sbin:/Users/leosilva/development/apache-maven-3.3.9/bin/
SHELL=/bin/bash

Signal Handlers:
SIGSEGV: [libjvm.dylib+0x584aa5], sa_mask[0]=11111111011111110111111111111111, sa_flags=SA_ONSTACK|SA_RESTART|SA_SIGINFO
SIGBUS: [libjvm.dylib+0x584aa5], sa_mask[0]=11111111011111110111111111111111, sa_flags=SA_RESTART|SA_SIGINFO
SIGFPE: [libjvm.dylib+0x45dfdc], sa_mask[0]=11111111011111110111111111111111, sa_flags=SA_RESTART|SA_SIGINFO
SIGPIPE: [libjvm.dylib+0x45dfdc], sa_mask[0]=11111111011111110111111111111111, sa_flags=SA_RESTART|SA_SIGINFO
SIGXFSZ: [libjvm.dylib+0x45dfdc], sa_mask[0]=11111111011111110111111111111111, sa_flags=SA_RESTART|SA_SIGINFO
SIGILL: [libjvm.dylib+0x45dfdc], sa_mask[0]=11111111011111110111111111111111, sa_flags=SA_RESTART|SA_SIGINFO
SIGUSR1: SIG_DFL, sa_mask[0]=11011111011111100000000111000110, sa_flags=none
SIGUSR2: [libjvm.dylib+0x45dafa], sa_mask[0]=00100000000000000000000000000000, sa_flags=SA_RESTART|SA_SIGINFO
SIGHUP: [libjvm.dylib+0x45c0c5], sa_mask[0]=11111111011111110111111111111111, sa_flags=SA_RESTART|SA_SIGINFO
SIGINT: [libjvm.dylib+0x45c0c5], sa_mask[0]=11111111011111110111111111111111, sa_flags=SA_RESTART|SA_SIGINFO
SIGTERM: [libjvm.dylib+0x45c0c5], sa_mask[0]=11111111011111110111111111111111, sa_flags=SA_RESTART|SA_SIGINFO
SIGQUIT: [libjvm.dylib+0x45c0c5], sa_mask[0]=11111111011111110111111111111111, sa_flags=SA_RESTART|SA_SIGINFO


---------------  S Y S T E M  ---------------

OS:Bsduname:Darwin 17.7.0 Darwin Kernel Version 17.7.0: Thu Jun 21 22:53:14 PDT 2018; root:xnu-4570.71.2~1/RELEASE_X86_64 x86_64
rlimit: STACK 8192k, CORE 0k, NPROC 709, NOFILE 10240, AS infinity
load average:4,69 4,33 4,77

CPU:total 2 (initial active 2) (2 cores per cpu, 1 threads per core) family 6 model 23 stepping 10, cmov, cx8, fxsr, mmx, sse, sse2, sse3, ssse3, sse4.1, tsc

Memory: 4k page, physical 8388608k(62728k free)

/proc/meminfo:


vm_info: OpenJDK 64-Bit Server VM (25.181-b02) for bsd-amd64 JRE (1.8.0_181-b02), built on Jul 11 2018 14:21:54 by "zulu_re" with gcc 4.2.1 (Based on Apple Inc. build 5658) (LLVM build 2336.11.00)

time: Wed Oct 24 20:25:32 2018
elapsed time: 6040 seconds (0d 1h 40m 40s)

